##############################################################################
#                                                                            #
# IAR dsPIC C/EC++ Compiler V1.30B/W32                 13/Dec/2007  20:41:52 #
# Copyright 2001-2006 IAR Systems. All rights reserved.                      #
#                                                                            #
#    Cpu          =  dsPIC                                                   #
#    Data model   =  Large                                                   #
#    Double size  =  32 bits                                                 #
#                 =                                                          #
#    Source file  =  os_sem.c                                                #
#    Command line =  -D__dsPIC33FJ256GP710__ os_sem.c                        #
#                    -oC:\Micrium\Software\EVALBO~1\MICROC~1\EXPLOR~1\PIC33F #
#                    ~1\MPLAB_~1\OS-Probe\Output\os_sem.r59                  #
#                    -fC:\Micrium\Software\EvalBoards\Microchip\Explorer16\P #
#                    IC33FJ256\MPLAB_IAR\OS-Probe\ExtPath.xcl (-I            #
#                    "C:\Program Files\IAR Systems\Embedded Workbench        #
#                    3.2\dsPIC\inc\clib" -I "C:\Program Files\IAR            #
#                    Systems\Embedded Workbench 3.2\dsPIC\inc" -I            #
#                    C:\Micrium\Software\uC-CPU -I                           #
#                    C:\Micrium\Software\uC-CPU\Microchip\PIC33FJ256\MPLAB_I #
#                    AR -I C:\Micrium\Software\uC-LIB -I                     #
#                    C:\Micrium\Software\uCOS-II\Source -I                   #
#                    C:\Micrium\Software\uCOS-II\Ports\Microchip\PIC33FJ256\ #
#                    MPLAB_IAR -I C:\Micrium\Software\uC-Probe\Target\Commun #
#                    ication\Generic\RS-232\Ports\Microchip\dsPIC33\IAR_iccD #
#                    SPIC -I C:\Micrium\Software\uC-Probe\Target\Communicati #
#                    on\Generic\RS-232\Source -I                             #
#                    C:\Micrium\Software\uC-Probe\Target\Communication\Gener #
#                    ic\Source -I C:\Micrium\Software\uC-Probe\Target\Plugin #
#                    s\uCOS-II -I C:\Micrium\Software\EvalBoards\Microchip\E #
#                    xplorer16\PIC33FJ256\MPLAB_IAR\OS-Probe -I              #
#                    C:\Micrium\Software\EvalBoards\Microchip\Explorer16\PIC #
#                    33FJ256\MPLAB_IAR\BSP) -r -e --data_model=l --cpu=0     #
#                    -lc . -la . -z9 --no_cse --no_unroll --no_inline        #
#                    --no_code_motion                                        #
#    List file    =  .\os_sem.lst                                            #
#    Object file  =  C:\Micrium\Software\EVALBO~1\MICROC~1\EXPLOR~1\PIC33F~1 #
#                    \MPLAB_~1\OS-Probe\Output\os_sem.r59                    #
#                                                                            #
#                                                                            #
##############################################################################

C:\Micrium\Software\uCOS-II\Source\os_sem.c
      1          /*
      2          *********************************************************************************************************
      3          *                                                uC/OS-II
      4          *                                          The Real-Time Kernel
      5          *                                          SEMAPHORE MANAGEMENT
      6          *
      7          *                              (c) Copyright 1992-2007, Micrium, Weston, FL
      8          *                                           All Rights Reserved
      9          *
     10          * File    : OS_SEM.C
     11          * By      : Jean J. Labrosse
     12          * Version : V2.86
     13          *
     14          * LICENSING TERMS:
     15          * ---------------
     16          *   uC/OS-II is provided in source form for FREE evaluation, for educational use or for peaceful research.  
     17          * If you plan on using  uC/OS-II  in a commercial product you need to contact Micriµm to properly license 
     18          * its use in your product. We provide ALL the source code for your convenience and to help you experience 
     19          * uC/OS-II.   The fact that the  source is provided does  NOT  mean that you can use it without  paying a 
     20          * licensing fee.
     21          *********************************************************************************************************
     22          */
     23          
     24          #ifndef  OS_MASTER_FILE
     25          #include <ucos_ii.h>
     26          #endif
     27          
     28          #if OS_SEM_EN > 0
     29          /*$PAGE*/
     30          /*
     31          *********************************************************************************************************
     32          *                                           ACCEPT SEMAPHORE
     33          *
     34          * Description: This function checks the semaphore to see if a resource is available or, if an event
     35          *              occurred.  Unlike OSSemPend(), OSSemAccept() does not suspend the calling task if the
     36          *              resource is not available or the event did not occur.
     37          *
     38          * Arguments  : pevent     is a pointer to the event control block
     39          *
     40          * Returns    : >  0       if the resource is available or the event did not occur the semaphore is
     41          *                         decremented to obtain the resource.
     42          *              == 0       if the resource is not available or the event did not occur or,
     43          *                         if 'pevent' is a NULL pointer or,
     44          *                         if you didn't pass a pointer to a semaphore
     45          *********************************************************************************************************
     46          */
     47          
     48          #if OS_SEM_ACCEPT_EN > 0
     49          INT16U  OSSemAccept (OS_EVENT *pevent)
     50          {
     51              INT16U     cnt;
     52          #if OS_CRITICAL_METHOD == 3                           /* Allocate storage for CPU status register      */
     53              OS_CPU_SR  cpu_sr = 0;
     54          #endif
     55          
     56          
     57          
     58          #if OS_ARG_CHK_EN > 0
     59              if (pevent == (OS_EVENT *)0) {                    /* Validate 'pevent'                             */
     60                  return (0);
     61              }
     62          #endif
     63              if (pevent->OSEventType != OS_EVENT_TYPE_SEM) {   /* Validate event block type                     */
     64                  return (0);
     65              }
     66              OS_ENTER_CRITICAL();
     67              cnt = pevent->OSEventCnt;
     68              if (cnt > 0) {                                    /* See if resource is available                  */
     69                  pevent->OSEventCnt--;                         /* Yes, decrement semaphore and notify caller    */
     70              }
     71              OS_EXIT_CRITICAL();
     72              return (cnt);                                     /* Return semaphore count                        */
     73          }
     74          #endif
     75          
     76          /*$PAGE*/
     77          /*
     78          *********************************************************************************************************
     79          *                                           CREATE A SEMAPHORE
     80          *
     81          * Description: This function creates a semaphore.
     82          *
     83          * Arguments  : cnt           is the initial value for the semaphore.  If the value is 0, no resource is
     84          *                            available (or no event has occurred).  You initialize the semaphore to a
     85          *                            non-zero value to specify how many resources are available (e.g. if you have
     86          *                            10 resources, you would initialize the semaphore to 10).
     87          *
     88          * Returns    : != (void *)0  is a pointer to the event control block (OS_EVENT) associated with the
     89          *                            created semaphore
     90          *              == (void *)0  if no event control blocks were available
     91          *********************************************************************************************************
     92          */
     93          
     94          OS_EVENT  *OSSemCreate (INT16U cnt)
     95          {
     96              OS_EVENT  *pevent;
     97          #if OS_CRITICAL_METHOD == 3                                /* Allocate storage for CPU status register */
     98              OS_CPU_SR  cpu_sr = 0;
     99          #endif
    100          
    101          
    102          
    103              if (OSIntNesting > 0) {                                /* See if called from ISR ...               */
    104                  return ((OS_EVENT *)0);                            /* ... can't CREATE from an ISR             */
    105              }
    106              OS_ENTER_CRITICAL();
    107              pevent = OSEventFreeList;                              /* Get next free event control block        */
    108              if (OSEventFreeList != (OS_EVENT *)0) {                /* See if pool of free ECB pool was empty   */
    109                  OSEventFreeList = (OS_EVENT *)OSEventFreeList->OSEventPtr;
    110              }
    111              OS_EXIT_CRITICAL();
    112              if (pevent != (OS_EVENT *)0) {                         /* Get an event control block               */
    113                  pevent->OSEventType    = OS_EVENT_TYPE_SEM;
    114                  pevent->OSEventCnt     = cnt;                      /* Set semaphore value                      */
    115                  pevent->OSEventPtr     = (void *)0;                /* Unlink from ECB free list                */
    116          #if OS_EVENT_NAME_SIZE > 1
    117                  pevent->OSEventName[0] = '?';                      /* Unknown name                             */
    118                  pevent->OSEventName[1] = OS_ASCII_NUL;
    119          #endif
    120                  OS_EventWaitListInit(pevent);                      /* Initialize to 'nobody waiting' on sem.   */
    121              }
    122              return (pevent);
    123          }
    124          
    125          /*$PAGE*/
    126          /*
    127          *********************************************************************************************************
    128          *                                         DELETE A SEMAPHORE
    129          *
    130          * Description: This function deletes a semaphore and readies all tasks pending on the semaphore.
    131          *
    132          * Arguments  : pevent        is a pointer to the event control block associated with the desired
    133          *                            semaphore.
    134          *
    135          *              opt           determines delete options as follows:
    136          *                            opt == OS_DEL_NO_PEND   Delete semaphore ONLY if no task pending
    137          *                            opt == OS_DEL_ALWAYS    Deletes the semaphore even if tasks are waiting.
    138          *                                                    In this case, all the tasks pending will be readied.
    139          *
    140          *              perr          is a pointer to an error code that can contain one of the following values:
    141          *                            OS_ERR_NONE             The call was successful and the semaphore was deleted
    142          *                            OS_ERR_DEL_ISR          If you attempted to delete the semaphore from an ISR
    143          *                            OS_ERR_INVALID_OPT      An invalid option was specified
    144          *                            OS_ERR_TASK_WAITING     One or more tasks were waiting on the semaphore
    145          *                            OS_ERR_EVENT_TYPE       If you didn't pass a pointer to a semaphore
    146          *                            OS_ERR_PEVENT_NULL      If 'pevent' is a NULL pointer.
    147          *
    148          * Returns    : pevent        upon error
    149          *              (OS_EVENT *)0 if the semaphore was successfully deleted.
    150          *
    151          * Note(s)    : 1) This function must be used with care.  Tasks that would normally expect the presence of
    152          *                 the semaphore MUST check the return code of OSSemPend().
    153          *              2) OSSemAccept() callers will not know that the intended semaphore has been deleted unless
    154          *                 they check 'pevent' to see that it's a NULL pointer.
    155          *              3) This call can potentially disable interrupts for a long time.  The interrupt disable
    156          *                 time is directly proportional to the number of tasks waiting on the semaphore.
    157          *              4) Because ALL tasks pending on the semaphore will be readied, you MUST be careful in
    158          *                 applications where the semaphore is used for mutual exclusion because the resource(s)
    159          *                 will no longer be guarded by the semaphore.
    160          *********************************************************************************************************
    161          */
    162          
    163          #if OS_SEM_DEL_EN > 0
    164          OS_EVENT  *OSSemDel (OS_EVENT *pevent, INT8U opt, INT8U *perr)
    165          {
    166              BOOLEAN    tasks_waiting;
    167              OS_EVENT  *pevent_return;
    168          #if OS_CRITICAL_METHOD == 3                                /* Allocate storage for CPU status register */
    169              OS_CPU_SR  cpu_sr = 0;
    170          #endif
    171          
    172          
    173          
    174          #if OS_ARG_CHK_EN > 0
    175              if (perr == (INT8U *)0) {                              /* Validate 'perr'                          */
    176                  return (pevent);
    177              }
    178              if (pevent == (OS_EVENT *)0) {                         /* Validate 'pevent'                        */
    179                  *perr = OS_ERR_PEVENT_NULL;
    180                  return (pevent);
    181              }
    182          #endif
    183              if (pevent->OSEventType != OS_EVENT_TYPE_SEM) {        /* Validate event block type                */
    184                  *perr = OS_ERR_EVENT_TYPE;
    185                  return (pevent);
    186              }
    187              if (OSIntNesting > 0) {                                /* See if called from ISR ...               */
    188                  *perr = OS_ERR_DEL_ISR;                             /* ... can't DELETE from an ISR             */
    189                  return (pevent);
    190              }
    191              OS_ENTER_CRITICAL();
    192              if (pevent->OSEventGrp != 0) {                         /* See if any tasks waiting on semaphore    */
    193                  tasks_waiting = OS_TRUE;                           /* Yes                                      */
    194              } else {
    195                  tasks_waiting = OS_FALSE;                          /* No                                       */
    196              }
    197              switch (opt) {
    198                  case OS_DEL_NO_PEND:                               /* Delete semaphore only if no task waiting */
    199                       if (tasks_waiting == OS_FALSE) {
    200          #if OS_EVENT_NAME_SIZE > 1
    201                           pevent->OSEventName[0] = '?';             /* Unknown name                             */
    202                           pevent->OSEventName[1] = OS_ASCII_NUL;
    203          #endif
    204                           pevent->OSEventType    = OS_EVENT_TYPE_UNUSED;
    205                           pevent->OSEventPtr     = OSEventFreeList; /* Return Event Control Block to free list  */
    206                           pevent->OSEventCnt     = 0;
    207                           OSEventFreeList        = pevent;          /* Get next free event control block        */
    208                           OS_EXIT_CRITICAL();
    209                           *perr                  = OS_ERR_NONE;
    210                           pevent_return          = (OS_EVENT *)0;   /* Semaphore has been deleted               */
    211                       } else {
    212                           OS_EXIT_CRITICAL();
    213                           *perr                  = OS_ERR_TASK_WAITING;
    214                           pevent_return          = pevent;
    215                       }
    216                       break;
    217          
    218                  case OS_DEL_ALWAYS:                                /* Always delete the semaphore              */
    219                       while (pevent->OSEventGrp != 0) {             /* Ready ALL tasks waiting for semaphore    */
    220                           (void)OS_EventTaskRdy(pevent, (void *)0, OS_STAT_SEM, OS_STAT_PEND_OK);
    221                       }
    222          #if OS_EVENT_NAME_SIZE > 1
    223                       pevent->OSEventName[0] = '?';                 /* Unknown name                             */
    224                       pevent->OSEventName[1] = OS_ASCII_NUL;
    225          #endif
    226                       pevent->OSEventType    = OS_EVENT_TYPE_UNUSED;
    227                       pevent->OSEventPtr     = OSEventFreeList;     /* Return Event Control Block to free list  */
    228                       pevent->OSEventCnt     = 0;
    229                       OSEventFreeList        = pevent;              /* Get next free event control block        */
    230                       OS_EXIT_CRITICAL();
    231                       if (tasks_waiting == OS_TRUE) {               /* Reschedule only if task(s) were waiting  */
    232                           OS_Sched();                               /* Find highest priority task ready to run  */
    233                       }
    234                       *perr                  = OS_ERR_NONE;
    235                       pevent_return          = (OS_EVENT *)0;       /* Semaphore has been deleted               */
    236                       break;
    237          
    238                  default:
    239                       OS_EXIT_CRITICAL();
    240                       *perr                  = OS_ERR_INVALID_OPT;
    241                       pevent_return          = pevent;
    242                       break;
    243              }
    244              return (pevent_return);
    245          }
    246          #endif
    247          
    248          /*$PAGE*/
    249          /*
    250          *********************************************************************************************************
    251          *                                           PEND ON SEMAPHORE
    252          *
    253          * Description: This function waits for a semaphore.
    254          *
    255          * Arguments  : pevent        is a pointer to the event control block associated with the desired
    256          *                            semaphore.
    257          *
    258          *              timeout       is an optional timeout period (in clock ticks).  If non-zero, your task will
    259          *                            wait for the resource up to the amount of time specified by this argument.
    260          *                            If you specify 0, however, your task will wait forever at the specified
    261          *                            semaphore or, until the resource becomes available (or the event occurs).
    262          *
    263          *              perr          is a pointer to where an error message will be deposited.  Possible error
    264          *                            messages are:
    265          *
    266          *                            OS_ERR_NONE         The call was successful and your task owns the resource
    267          *                                                or, the event you are waiting for occurred.
    268          *                            OS_ERR_TIMEOUT      The semaphore was not received within the specified
    269          *                                                'timeout'.
    270          *                            OS_ERR_PEND_ABORT   The wait on the semaphore was aborted.
    271          *                            OS_ERR_EVENT_TYPE   If you didn't pass a pointer to a semaphore.
    272          *                            OS_ERR_PEND_ISR     If you called this function from an ISR and the result
    273          *                                                would lead to a suspension.
    274          *                            OS_ERR_PEVENT_NULL  If 'pevent' is a NULL pointer.
    275          *                            OS_ERR_PEND_LOCKED  If you called this function when the scheduler is locked
    276          *
    277          * Returns    : none
    278          *********************************************************************************************************
    279          */
    280          /*$PAGE*/
    281          void  OSSemPend (OS_EVENT *pevent, INT16U timeout, INT8U *perr)
    282          {
    283          #if OS_CRITICAL_METHOD == 3                           /* Allocate storage for CPU status register      */
    284              OS_CPU_SR  cpu_sr = 0;
    285          #endif
    286          
    287          
    288          
    289          #if OS_ARG_CHK_EN > 0
    290              if (perr == (INT8U *)0) {                         /* Validate 'perr'                               */
    291                  return;
    292              }
    293              if (pevent == (OS_EVENT *)0) {                    /* Validate 'pevent'                             */
    294                  *perr = OS_ERR_PEVENT_NULL;
    295                  return;
    296              }
    297          #endif
    298              if (pevent->OSEventType != OS_EVENT_TYPE_SEM) {   /* Validate event block type                     */
    299                  *perr = OS_ERR_EVENT_TYPE;
    300                  return;
    301              }
    302              if (OSIntNesting > 0) {                           /* See if called from ISR ...                    */
    303                  *perr = OS_ERR_PEND_ISR;                      /* ... can't PEND from an ISR                    */
    304                  return;
    305              }
    306              if (OSLockNesting > 0) {                          /* See if called with scheduler locked ...       */
    307                  *perr = OS_ERR_PEND_LOCKED;                   /* ... can't PEND when locked                    */
    308                  return;
    309              }
    310              OS_ENTER_CRITICAL();
    311              if (pevent->OSEventCnt > 0) {                     /* If sem. is positive, resource available ...   */
    312                  pevent->OSEventCnt--;                         /* ... decrement semaphore only if positive.     */
    313                  OS_EXIT_CRITICAL();
    314                  *perr = OS_ERR_NONE;
    315                  return;
    316              }
    317                                                                /* Otherwise, must wait until event occurs       */
    318              OSTCBCur->OSTCBStat     |= OS_STAT_SEM;           /* Resource not available, pend on semaphore     */
    319              OSTCBCur->OSTCBStatPend  = OS_STAT_PEND_OK;
    320              OSTCBCur->OSTCBDly       = timeout;               /* Store pend timeout in TCB                     */
    321              OS_EventTaskWait(pevent);                         /* Suspend task until event or timeout occurs    */
    322              OS_EXIT_CRITICAL();
    323              OS_Sched();                                       /* Find next highest priority task ready         */
    324              OS_ENTER_CRITICAL();
    325              switch (OSTCBCur->OSTCBStatPend) {                /* See if we timed-out or aborted                */
    326                  case OS_STAT_PEND_OK:
    327                       *perr = OS_ERR_NONE;
    328                       break;
    329          
    330                  case OS_STAT_PEND_ABORT:
    331                       *perr = OS_ERR_PEND_ABORT;               /* Indicate that we aborted                      */
    332                       break;
    333          
    334                  case OS_STAT_PEND_TO:
    335                  default:        
    336                       OS_EventTaskRemove(OSTCBCur, pevent);
    337                       *perr = OS_ERR_TIMEOUT;                  /* Indicate that we didn't get event within TO   */
    338                       break;
    339              }
    340              OSTCBCur->OSTCBStat          =  OS_STAT_RDY;      /* Set   task  status to ready                   */
    341              OSTCBCur->OSTCBStatPend      =  OS_STAT_PEND_OK;  /* Clear pend  status                            */
    342              OSTCBCur->OSTCBEventPtr      = (OS_EVENT  *)0;    /* Clear event pointers                          */
    343          #if (OS_EVENT_MULTI_EN > 0)
    344              OSTCBCur->OSTCBEventMultiPtr = (OS_EVENT **)0;
    345          #endif
    346              OS_EXIT_CRITICAL();
    347          }
    348          
    349          /*$PAGE*/
    350          /*
    351          *********************************************************************************************************
    352          *                                      ABORT WAITING ON A SEMAPHORE
    353          *
    354          * Description: This function aborts & readies any tasks currently waiting on a semaphore.  This function 
    355          *              should be used to fault-abort the wait on the semaphore, rather than to normally signal
    356          *              the semaphore via OSSemPost().
    357          *
    358          * Arguments  : pevent        is a pointer to the event control block associated with the desired
    359          *                            semaphore.
    360          *
    361          *              opt           determines the type of ABORT performed:
    362          *                            OS_PEND_OPT_NONE         ABORT wait for a single task (HPT) waiting on the
    363          *                                                     semaphore
    364          *                            OS_PEND_OPT_BROADCAST    ABORT wait for ALL tasks that are  waiting on the
    365          *                                                     semaphore
    366          *
    367          *              perr          is a pointer to where an error message will be deposited.  Possible error
    368          *                            messages are:
    369          *
    370          *                            OS_ERR_NONE         No tasks were     waiting on the semaphore.
    371          *                            OS_ERR_PEND_ABORT   At least one task waiting on the semaphore was readied
    372          *                                                and informed of the aborted wait; check return value 
    373          *                                                for the number of tasks whose wait on the semaphore 
    374          *                                                was aborted.
    375          *                            OS_ERR_EVENT_TYPE   If you didn't pass a pointer to a semaphore.
    376          *                            OS_ERR_PEVENT_NULL  If 'pevent' is a NULL pointer.
    377          *
    378          * Returns    : == 0          if no tasks were waiting on the semaphore, or upon error.
    379          *              >  0          if one or more tasks waiting on the semaphore are now readied and informed.
    380          *********************************************************************************************************
    381          */
    382          
    383          #if OS_SEM_PEND_ABORT_EN > 0
    384          INT8U  OSSemPendAbort (OS_EVENT *pevent, INT8U opt, INT8U *perr)
    385          {
    386              INT8U      nbr_tasks;
    387          #if OS_CRITICAL_METHOD == 3                           /* Allocate storage for CPU status register      */
    388              OS_CPU_SR  cpu_sr = 0;
    389          #endif
    390          
    391          
    392          
    393          #if OS_ARG_CHK_EN > 0
    394              if (perr == (INT8U *)0) {                         /* Validate 'perr'                               */
    395                  return (0);
    396              }
    397              if (pevent == (OS_EVENT *)0) {                    /* Validate 'pevent'                             */
    398                  *perr = OS_ERR_PEVENT_NULL;
    399                  return (0);
    400              }
    401          #endif
    402              if (pevent->OSEventType != OS_EVENT_TYPE_SEM) {   /* Validate event block type                     */
    403                  *perr = OS_ERR_EVENT_TYPE;
    404                  return (0);
    405              }
    406              OS_ENTER_CRITICAL();
    407              if (pevent->OSEventGrp != 0) {                    /* See if any task waiting on semaphore?         */
    408                  nbr_tasks = 0;
    409                  switch (opt) {
    410                      case OS_PEND_OPT_BROADCAST:               /* Do we need to abort ALL waiting tasks?        */
    411                           while (pevent->OSEventGrp != 0) {    /* Yes, ready ALL tasks waiting on semaphore     */
    412                               (void)OS_EventTaskRdy(pevent, (void *)0, OS_STAT_SEM, OS_STAT_PEND_ABORT);
    413                               nbr_tasks++;
    414                           }
    415                           break;
    416                           
    417                      case OS_PEND_OPT_NONE:
    418                      default:                                  /* No,  ready HPT       waiting on semaphore     */
    419                           (void)OS_EventTaskRdy(pevent, (void *)0, OS_STAT_SEM, OS_STAT_PEND_ABORT);
    420                           nbr_tasks++;
    421                           break;
    422                  }
    423                  OS_EXIT_CRITICAL();
    424                  OS_Sched();                                   /* Find HPT ready to run                         */
    425                  *perr = OS_ERR_PEND_ABORT;
    426                  return (nbr_tasks);
    427              }
    428              OS_EXIT_CRITICAL();
    429              *perr = OS_ERR_NONE;
    430              return (0);                                       /* No tasks waiting on semaphore                 */
    431          }
    432          #endif
    433          
    434          /*$PAGE*/
    435          /*
    436          *********************************************************************************************************
    437          *                                         POST TO A SEMAPHORE
    438          *
    439          * Description: This function signals a semaphore
    440          *
    441          * Arguments  : pevent        is a pointer to the event control block associated with the desired
    442          *                            semaphore.
    443          *
    444          * Returns    : OS_ERR_NONE         The call was successful and the semaphore was signaled.
    445          *              OS_ERR_SEM_OVF      If the semaphore count exceeded its limit.  In other words, you have
    446          *                                  signalled the semaphore more often than you waited on it with either
    447          *                                  OSSemAccept() or OSSemPend().
    448          *              OS_ERR_EVENT_TYPE   If you didn't pass a pointer to a semaphore
    449          *              OS_ERR_PEVENT_NULL  If 'pevent' is a NULL pointer.
    450          *********************************************************************************************************
    451          */
    452          
    453          INT8U  OSSemPost (OS_EVENT *pevent)
    454          {
    455          #if OS_CRITICAL_METHOD == 3                           /* Allocate storage for CPU status register      */
    456              OS_CPU_SR  cpu_sr = 0;
    457          #endif
    458          
    459          
    460          
    461          #if OS_ARG_CHK_EN > 0
    462              if (pevent == (OS_EVENT *)0) {                    /* Validate 'pevent'                             */
    463                  return (OS_ERR_PEVENT_NULL);
    464              }
    465          #endif
    466              if (pevent->OSEventType != OS_EVENT_TYPE_SEM) {   /* Validate event block type                     */
    467                  return (OS_ERR_EVENT_TYPE);
    468              }
    469              OS_ENTER_CRITICAL();
    470              if (pevent->OSEventGrp != 0) {                    /* See if any task waiting for semaphore         */
    471                                                                /* Ready HPT waiting on event                    */
    472                  (void)OS_EventTaskRdy(pevent, (void *)0, OS_STAT_SEM, OS_STAT_PEND_OK);
    473                  OS_EXIT_CRITICAL();
    474                  OS_Sched();                                   /* Find HPT ready to run                         */
    475                  return (OS_ERR_NONE);
    476              }
    477              if (pevent->OSEventCnt < 65535u) {                /* Make sure semaphore will not overflow         */
    478                  pevent->OSEventCnt++;                         /* Increment semaphore count to register event   */
    479                  OS_EXIT_CRITICAL();
    480                  return (OS_ERR_NONE);
    481              }
    482              OS_EXIT_CRITICAL();                               /* Semaphore value has reached its maximum       */
    483              return (OS_ERR_SEM_OVF);
    484          }
    485          
    486          /*$PAGE*/
    487          /*
    488          *********************************************************************************************************
    489          *                                          QUERY A SEMAPHORE
    490          *
    491          * Description: This function obtains information about a semaphore
    492          *
    493          * Arguments  : pevent        is a pointer to the event control block associated with the desired
    494          *                            semaphore
    495          *
    496          *              p_sem_data    is a pointer to a structure that will contain information about the
    497          *                            semaphore.
    498          *
    499          * Returns    : OS_ERR_NONE         The call was successful and the message was sent
    500          *              OS_ERR_EVENT_TYPE   If you are attempting to obtain data from a non semaphore.
    501          *              OS_ERR_PEVENT_NULL  If 'pevent'     is a NULL pointer.
    502          *              OS_ERR_PDATA_NULL   If 'p_sem_data' is a NULL pointer
    503          *********************************************************************************************************
    504          */
    505          
    506          #if OS_SEM_QUERY_EN > 0
    507          INT8U  OSSemQuery (OS_EVENT *pevent, OS_SEM_DATA *p_sem_data)
    508          {
    509          #if OS_LOWEST_PRIO <= 63
    510              INT8U     *psrc;
    511              INT8U     *pdest;
    512          #else
    513              INT16U    *psrc;
    514              INT16U    *pdest;
    515          #endif
    516              INT8U      i;
    517          #if OS_CRITICAL_METHOD == 3                                /* Allocate storage for CPU status register */
    518              OS_CPU_SR  cpu_sr = 0;
    519          #endif
    520          
    521          
    522          
    523          #if OS_ARG_CHK_EN > 0
    524              if (pevent == (OS_EVENT *)0) {                         /* Validate 'pevent'                        */
    525                  return (OS_ERR_PEVENT_NULL);
    526              }
    527              if (p_sem_data == (OS_SEM_DATA *)0) {                  /* Validate 'p_sem_data'                    */
    528                  return (OS_ERR_PDATA_NULL);
    529              }
    530          #endif
    531              if (pevent->OSEventType != OS_EVENT_TYPE_SEM) {        /* Validate event block type                */
    532                  return (OS_ERR_EVENT_TYPE);
    533              }
    534              OS_ENTER_CRITICAL();
    535              p_sem_data->OSEventGrp = pevent->OSEventGrp;           /* Copy message mailbox wait list           */
    536              psrc                   = &pevent->OSEventTbl[0];
    537              pdest                  = &p_sem_data->OSEventTbl[0];
    538              for (i = 0; i < OS_EVENT_TBL_SIZE; i++) {
    539                  *pdest++ = *psrc++;
    540              }
    541              p_sem_data->OSCnt = pevent->OSEventCnt;                /* Get semaphore count                      */
    542              OS_EXIT_CRITICAL();
    543              return (OS_ERR_NONE);
    544          }
    545          #endif                                                     /* OS_SEM_QUERY_EN                          */
    546          
    547          /*$PAGE*/
    548          /*
    549          *********************************************************************************************************
    550          *                                              SET SEMAPHORE
    551          *
    552          * Description: This function sets the semaphore count to the value specified as an argument.  Typically,
    553          *              this value would be 0.
    554          *
    555          *              You would typically use this function when a semaphore is used as a signaling mechanism
    556          *              and, you want to reset the count value.
    557          *
    558          * Arguments  : pevent     is a pointer to the event control block
    559          *
    560          *              cnt        is the new value for the semaphore count.  You would pass 0 to reset the
    561          *                         semaphore count.
    562          *
    563          *              perr       is a pointer to an error code returned by the function as follows:
    564          *
    565          *                            OS_ERR_NONE          The call was successful and the semaphore value was set.
    566          *                            OS_ERR_EVENT_TYPE    If you didn't pass a pointer to a semaphore.
    567          *                            OS_ERR_PEVENT_NULL   If 'pevent' is a NULL pointer.
    568          *                            OS_ERR_TASK_WAITING  If tasks are waiting on the semaphore.
    569          *********************************************************************************************************
    570          */
    571          
    572          #if OS_SEM_SET_EN > 0
    573          void  OSSemSet (OS_EVENT *pevent, INT16U cnt, INT8U *perr)
    574          {
    575          #if OS_CRITICAL_METHOD == 3                           /* Allocate storage for CPU status register      */
    576              OS_CPU_SR  cpu_sr = 0;
    577          #endif
    578          
    579          
    580          
    581          #if OS_ARG_CHK_EN > 0
    582              if (perr == (INT8U *)0) {                         /* Validate 'perr'                               */
    583                  return;
    584              }
    585              if (pevent == (OS_EVENT *)0) {                    /* Validate 'pevent'                             */
    586                  *perr = OS_ERR_PEVENT_NULL;
    587                  return;
    588              }
    589          #endif
    590              if (pevent->OSEventType != OS_EVENT_TYPE_SEM) {   /* Validate event block type                     */
    591                  *perr = OS_ERR_EVENT_TYPE;
    592                  return;
    593              }
    594              OS_ENTER_CRITICAL();
    595              *perr = OS_ERR_NONE;
    596              if (pevent->OSEventCnt > 0) {                     /* See if semaphore already has a count          */
    597                  pevent->OSEventCnt = cnt;                     /* Yes, set it to the new value specified.       */
    598              } else {                                          /* No                                            */
    599                  if (pevent->OSEventGrp == 0) {                /*      See if task(s) waiting?                  */
    600                      pevent->OSEventCnt = cnt;                 /*      No, OK to set the value                  */
    601                  } else {
    602                      *perr              = OS_ERR_TASK_WAITING;
    603                  }
    604              }
    605              OS_EXIT_CRITICAL();
    606          }
    607          #endif
    608          
    609          #endif                                                /* OS_SEM_EN                                     */

   Maximum stack usage in bytes:

     Function                  CSTACK
     --------                  ------
     OSSemAccept                   2
     OSSemCreate                   4
       -> OS_EventWaitListInit     8
     OSSemDel                     12
       -> OS_EventTaskRdy         24
       -> OS_Sched                24
     OSSemPend                    10
       -> OS_EventTaskWait        20
       -> OS_Sched                20
       -> OS_EventTaskRemove      20
     OSSemPendAbort               12
       -> OS_EventTaskRdy         24
       -> OS_EventTaskRdy         24
       -> OS_Sched                24
     OSSemPost                     2
       -> OS_EventTaskRdy          4
       -> OS_Sched                 4
     OSSemQuery                    6
     OSSemSet                      2


   Segment part sizes:

     Function/Label Bytes
     -------------- -----
     WREG0             2
     WREG1             2
     WREG2             2
     WREG3             2
     WREG4             2
     WREG5             2
     WREG6             2
     WREG7             2
     WREG8             2
     WREG9             2
     WREG10            2
     WREG11            2
     WREG12            2
     WREG13            2
     WREG14            2
     WREG15            2
     SPLIM             2
     ACCAL             2
     ACCAH             2
     ACCAU             2
     ACCBL             2
     ACCBH             2
     ACCBU             2
     PCL               2
     DOSTARTL          2
     DOENDL            2
     XMODSRT           2
     XMODEND           2
     YMODSRT           2
     YMODEND           2
     TMR1              2
     PR1               2
     TMR2              2
     TMR3HLD           2
     TMR3              2
     PR2               2
     PR3               2
     TMR4              2
     TMR5HLD           2
     TMR5              2
     PR4               2
     PR5               2
     TMR6              2
     TMR7HLD           2
     TMR7              2
     PR6               2
     PR7               2
     TMR8              2
     TMR9HLD           2
     TMR9              2
     PR8               2
     PR9               2
     IC1BUF            2
     IC2BUF            2
     IC3BUF            2
     IC4BUF            2
     IC5BUF            2
     IC6BUF            2
     IC7BUF            2
     IC8BUF            2
     OC1RS             2
     OC1R              2
     OC2RS             2
     OC2R              2
     OC3RS             2
     OC3R              2
     OC4RS             2
     OC4R              2
     OC5RS             2
     OC5R              2
     OC6RS             2
     OC6R              2
     OC7RS             2
     OC7R              2
     OC8RS             2
     OC8R              2
     U1BRG             2
     U2BRG             2
     SPI1BUF           2
     SPI2BUF           2
     RXBUF0            2
     RXBUF1            2
     RXBUF2            2
     RXBUF3            2
     TXBUF0            2
     TXBUF1            2
     TXBUF2            2
     TXBUF3            2
     AD1CSSH           2
     DMA0STA           2
     DMA0STB           2
     DMA0PAD           2
     DMA0CNT           2
     DMA1STA           2
     DMA1STB           2
     DMA1PAD           2
     DMA1CNT           2
     DMA2STA           2
     DMA2STB           2
     DMA2PAD           2
     DMA2CNT           2
     DMA3STA           2
     DMA3STB           2
     DMA3PAD           2
     DMA3CNT           2
     DMA4STA           2
     DMA4STB           2
     DMA4PAD           2
     DMA4CNT           2
     DMA5STA           2
     DMA5STB           2
     DMA5PAD           2
     DMA5CNT           2
     DMA6STA           2
     DMA6STB           2
     DMA6PAD           2
     DMA6CNT           2
     DMA7STA           2
     DMA7STB           2
     DMA7PAD           2
     DMA7CNT           2
     DSADR             2
     OSSemAccept     184
     OSSemCreate     296
     OSSemDel        720
     ?Subroutine0     16
     OSSemPend       776
     OSSemPendAbort  360
     OSSemPost       300
     OSSemQuery      296
     OSSemSet        256
     _A_C1INTE         2
     _A_C1INTF         2
     _A_C1FIFO         2
     _A_C1FCTRL        2
     _A_C1VEC          2
     _A_C1CTRL2        2
     _A_C1CTRL1        2
     _A_DMACS1         2
     _A_DMACS0         2
     _A_DMA7REQ        2
     _A_DMA7CON        2
     _A_DMA6REQ        2
     _A_DMA6CON        2
     _A_DMA5REQ        2
     _A_DMA5CON        2
     _A_DMA4REQ        2
     _A_DMA4CON        2
     _A_DMA3REQ        2
     _A_DMA3CON        2
     _A_DMA2REQ        2
     _A_DMA2CON        2
     _A_DMA1REQ        2
     _A_DMA1CON        2
     _A_C1RXF2EID      2
     _A_C1RXF2SID      2
     _A_C1RXF1EID      2
     _A_C1RXF1SID      2
     _A_C1RXF0EID      2
     _A_C1RXF0SID      2
     _A_C1RXM2EID      2
     _A_C1RXM2SID      2
     _A_C1TR67CON      2
     _A_C1TR45CON      2
     _A_C1TR23CON      2
     _A_C1TR01CON      2
     _A_C1RXOVF2       2
     _A_C1RXOVF1       2
     _A_C1BUFPNT4      2
     _A_C1BUFPNT3      2
     _A_C1RXFUL2       2
     _A_C1RXFUL1       2
     _A_C1FMSKSEL2     2
     _A_C1FMSKSEL1     2
     _A_C1FEN1         2
     _A_C1CFG2         2
     _A_C1CFG1         2
     _A_LATG           2
     _A_PORTG          2
     _A_TRISG          2
     _A_LATF           2
     _A_PORTF          2
     _A_TRISF          2
     _A_LATE           2
     _A_PORTE          2
     _A_TRISE          2
     _A_LATD           2
     _A_PORTD          2
     _A_TRISD          2
     _A_LATC           2
     _A_PORTC          2
     _A_TRISC          2
     _A_LATB           2
     _A_PORTB          2
     _A_TRISB          2
     _A_LATA           2
     _A_PORTA          2
     _A_TRISA          2
     _A_RSCON          2
     _A_TSCON          2
     _A_DMA0REQ        2
     _A_DMA0CON        2
     _A_AD2CON4        2
     _A_AD2CSSL        2
     _A_AD2PCFG        2
     _A_AD2CHS0        2
     _A_AD2CHS123      2
     _A_AD2CON3        2
     _A_AD2CON2        2
     _A_AD2CON1        2
     _A_AD2BUF0        2
     _A_AD1CON4        2
     _A_AD1CSSL        2
     _A_AD1PCFGL       2
     _A_AD1PCFGH       2
     _A_AD1CHS0        2
     _A_AD1CHS123      2
     _A_AD1CON3        2
     _A_AD1CON2        2
     _A_AD1CON1        2
     _A_AD1BUF0        2
     _A_ODCF           2
     _A_ODCA           2
     _A_C2RXF9SID      2
     _A_C2RXF8EID      2
     _A_C2RXF8SID      2
     _A_C2RXF7EID      2
     _A_C2RXF7SID      2
     _A_C2RXF6EID      2
     _A_C2RXF6SID      2
     _A_C2RXF5EID      2
     _A_C2RXF5SID      2
     _A_C2RXF4EID      2
     _A_C2RXF4SID      2
     _A_C2RXF3EID      2
     _A_C2RXF3SID      2
     _A_C2RXF2EID      2
     _A_C2RXF2SID      2
     _A_C2RXF1EID      2
     _A_C2RXF1SID      2
     _A_C2RXF0EID      2
     _A_C2RXF0SID      2
     _A_C2RXM2EID      2
     _A_C2RXM2SID      2
     _A_C2TR67CON      2
     _A_C2TR45CON      2
     _A_PMD3           2
     _A_PMD2           2
     _A_PMD1           2
     _A_NVMKEY         2
     _A_NVMCON         2
     _A_OSCTUN         2
     _A_PLLFBD         2
     _A_CLKDIV         2
     _A_OSCCON         2
     _A_RCON           2
     _A_C2RXF15EID     2
     _A_C2RXF15SID     2
     _A_C2RXF14EID     2
     _A_C2RXF14SID     2
     _A_C2RXF13EID     2
     _A_C2RXF13SID     2
     _A_C2RXF12EID     2
     _A_C2RXF12SID     2
     _A_C2RXF11EID     2
     _A_C2RXF11SID     2
     _A_C2RXF10EID     2
     _A_C2RXF10SID     2
     _A_C2RXF9EID      2
     _A_C1RXF14SID     2
     _A_C1RXF13EID     2
     _A_C1RXF13SID     2
     _A_C1RXF12EID     2
     _A_C1RXF12SID     2
     _A_C1RXF11EID     2
     _A_C1RXF11SID     2
     _A_C1RXF10EID     2
     _A_C1RXF10SID     2
     _A_C1RXF9EID      2
     _A_C1RXF9SID      2
     _A_C1RXF8EID      2
     _A_C1RXF8SID      2
     _A_C1RXF7EID      2
     _A_C1RXF7SID      2
     _A_C1RXF6EID      2
     _A_C1RXF6SID      2
     _A_C1RXF5EID      2
     _A_C1RXF5SID      2
     _A_C1RXF4EID      2
     _A_C1RXF4SID      2
     _A_C1RXF3EID      2
     _A_C1RXF3SID      2
     _A_C2TR23CON      2
     _A_C2TR01CON      2
     _A_C2RXOVF2       2
     _A_C2RXOVF1       2
     _A_C2BUFPNT4      2
     _A_C2BUFPNT3      2
     _A_C2RXFUL2       2
     _A_C2RXFUL1       2
     _A_C2FMSKSEL2     2
     _A_C2FMSKSEL1     2
     _A_C2FEN1         2
     _A_C2CFG2         2
     _A_C2CFG1         2
     _A_C2INTE         2
     _A_C2INTF         2
     _A_C2FIFO         2
     _A_C2FCTRL        2
     _A_C2VEC          2
     _A_C2CTRL2        2
     _A_C2CTRL1        2
     _A_C1RXF15EID     2
     _A_C1RXF15SID     2
     _A_C1RXF14EID     2
     _A_IPC11          2
     _A_IPC10          2
     _A_IPC9           2
     _A_IPC8           2
     _A_IPC7           2
     _A_IPC6           2
     _A_OC3CON         2
     _A_IPC5           2
     _A_IPC4           2
     _A_IPC3           2
     _A_IPC2           2
     _A_IPC1           2
     _A_IPC0           2
     _A_OC4CON         2
     _A_IEC4           2
     _A_IEC3           2
     _A_IEC2           2
     _A_IEC1           2
     _A_IEC0           2
     _A_IFS4           2
     _A_IFS3           2
     _A_IFS2           2
     _A_IFS1           2
     _A_IFS0           2
     _A_OC5CON         2
     _A_INTCON2        2
     _A_IC7CON         2
     _A_IC6CON         2
     _A_IC5CON         2
     _A_IC8CON         2
     _A_IC4CON         2
     _A_IC3CON         2
     _A_IC2CON         2
     _A_IC1CON         2
     _A_T9CON          2
     _A_T8CON          2
     _A_T7CON          2
     _A_T6CON          2
     _A_T5CON          2
     _A_T4CON          2
     _A_OC1CON         2
     _A_T3CON          2
     _A_T2CON          2
     _A_T1CON          2
     _A_INTREG         2
     _A_IPC17          2
     _A_IPC16          2
     _A_OC2CON         2
     _A_IPC15          2
     _A_IPC14          2
     _A_IPC13          2
     _A_IPC12          2
     _A_U1RXREG        2
     _A_XBREV          2
     _A_U2MODE         2
     _A_U2STA          2
     _A_U2TXREG        2
     _A_U2RXREG        2
     _A_MODCON         2
     _A_SPI1STAT       2
     _A_SPI1CON1       2
     _A_SPI1CON2       2
     _A_CORCON         2
     _A_SPI2STAT       2
     _A_SPI2CON1       2
     _A_SPI2CON2       2
     _A_SR             2
     _A_DCICON1        2
     _A_DCICON2        2
     _A_DOENDH         2
     _A_DOSTARTH       2
     _A_DCOUNT         2
     _A_RCOUNT         2
     _A_PSVPAG         2
     _A_TBLPAG         2
     _A_PCH            2
     _A_DCICON3        2
     _A_DCISTAT        2
     _A_INTCON1        2
     _A_OC6CON         2
     _A_CNPU2          2
     _A_CNPU1          2
     _A_OC7CON         2
     _A_CNEN2          2
     _A_CNEN1          2
     _A_OC8CON         2
     _A_I2C1RCV        2
     _A_I2C1TRN        2
     _A_I2C1BRG        2
     _A_DISICNT        2
     _A_I2C1CON        2
     _A_I2C1STAT       2
     _A_I2C1ADD        2
     _A_I2C1MSK        2
     _A_I2C2RCV        2
     _A_I2C2TRN        2
     _A_I2C2BRG        2
     _A_I2C2CON        2
     _A_I2C2STAT       2
     _A_I2C2ADD        2
     _A_I2C2MSK        2
     _A_U1MODE         2
     _A_U1STA          2
     _A_U1TXREG        2

 
 1 602 words in segment CODE
   820 bytes in segment SFR_A
 
 1 602 words of CODE memory
     0 bytes of DATA memory (+ 820 bytes shared)

Errors: none
Warnings: none
